module-outbound-direct/build/outputs/logs/manifest-merger-debug-report.txt
-- Merging decision tree log ---
manifest
ADDED from src\main\AndroidManifest.xml:2:1-26:12
INJECTED from src\main\AndroidManifest.xml:2:1-26:12
INJECTED from src\main\AndroidManifest.xml:2:1-26:12
	package
		ADDED from src\main\AndroidManifest.xml:3:5-40
		INJECTED from src\main\AndroidManifest.xml
		INJECTED from src\main\AndroidManifest.xml
	xmlns:android
		ADDED from src\main\AndroidManifest.xml:2:11-69
application
ADDED from src\main\AndroidManifest.xml:5:5-24:19
activity#com.victor.outbounddirect.ui.activity.OutboundAddActivity
ADDED from src\main\AndroidManifest.xml:6:9-11:76
	android:screenOrientation
		ADDED from src\main\AndroidManifest.xml:10:13-49
	android:launchMode
		ADDED from src\main\AndroidManifest.xml:9:13-44
	android:windowSoftInputMode
		ADDED from src\main\AndroidManifest.xml:11:13-73
	android:configChanges
		ADDED from src\main\AndroidManifest.xml:8:13-91
	android:name
		ADDED from src\main\AndroidManifest.xml:7:13-60
activity#com.victor.outbounddirect.ui.activity.OutboundScanActivity
ADDED from src\main\AndroidManifest.xml:12:9-17:76
	android:screenOrientation
		ADDED from src\main\AndroidManifest.xml:16:13-49
	android:launchMode
		ADDED from src\main\AndroidManifest.xml:15:13-44
	android:windowSoftInputMode
		ADDED from src\main\AndroidManifest.xml:17:13-73
	android:configChanges
		ADDED from src\main\AndroidManifest.xml:14:13-91
	android:name
		ADDED from src\main\AndroidManifest.xml:13:13-61
activity#com.victor.outbounddirect.ui.activity.OutCategoryActivity
ADDED from src\main\AndroidManifest.xml:18:9-23:76
	android:screenOrientation
		ADDED from src\main\AndroidManifest.xml:22:13-49
	android:launchMode
		ADDED from src\main\AndroidManifest.xml:21:13-44
	android:windowSoftInputMode
		ADDED from src\main\AndroidManifest.xml:23:13-73
	android:configChanges
		ADDED from src\main\AndroidManifest.xml:20:13-91
	android:name
		ADDED from src\main\AndroidManifest.xml:19:13-60
uses-sdk
INJECTED from src\main\AndroidManifest.xml reason: use-sdk injection requested
INJECTED from src\main\AndroidManifest.xml
INJECTED from src\main\AndroidManifest.xml
INJECTED from src\main\AndroidManifest.xml
INJECTED from src\main\AndroidManifest.xml
	android:targetSdkVersion
		INJECTED from src\main\AndroidManifest.xml
		ADDED from src\main\AndroidManifest.xml
		INJECTED from src\main\AndroidManifest.xml
	android:minSdkVersion
		INJECTED from src\main\AndroidManifest.xml
		ADDED from src\main\AndroidManifest.xml
		INJECTED from src\main\AndroidManifest.xml